#0 building with "default" instance using docker driver

#1 [internal] load .dockerignore
#1 transferring context: 2B 0.0s done
#1 DONE 0.1s

#2 [internal] load build definition from Dockerfile
#2 transferring dockerfile: 467B 0.0s done
#2 DONE 0.1s

#3 [internal] load metadata for docker.io/mambaorg/micromamba:latest
#3 ...

#4 [auth] mambaorg/micromamba:pull token for registry-1.docker.io
#4 DONE 0.0s

#3 [internal] load metadata for docker.io/mambaorg/micromamba:latest
#3 DONE 14.5s

#5 [1/8] FROM docker.io/mambaorg/micromamba:latest@sha256:2f51c4e0aaed31145d06c936f7e9adcb9acb9c175f1ec1c5f2f16a493a9e0470
#5 DONE 0.0s

#6 [internal] load build context
#6 transferring context: 24B
#6 transferring context: 9.58kB 0.1s done
#6 DONE 0.2s

#7 [2/8] COPY env.yaml /tmp/env.yaml
#7 CACHED

#8 [3/8] RUN micromamba install -y -n base -f /tmp/env.yaml &&     micromamba clean --all --yes
#8 73.17 critical libmamba Multiple errors occured:
#8 73.17     Download error (28) Timeout was reached [https://conda.anaconda.org/conda-forge/noarch/repodata.json.zst]
#8 73.17     Operation too slow. Less than 30 bytes/sec transferred the last 60 seconds
#8 73.17     Subdir conda-forge/noarch not loaded!
#8 73.17     
#8 ERROR: process "/usr/local/bin/_dockerfile_shell.sh micromamba install -y -n base -f /tmp/env.yaml &&     micromamba clean --all --yes" did not complete successfully: exit code: 1
------
 > [3/8] RUN micromamba install -y -n base -f /tmp/env.yaml &&     micromamba clean --all --yes:
73.17 critical libmamba Multiple errors occured:
73.17     Download error (28) Timeout was reached [https://conda.anaconda.org/conda-forge/noarch/repodata.json.zst]
73.17     Operation too slow. Less than 30 bytes/sec transferred the last 60 seconds
73.17     Subdir conda-forge/noarch not loaded!
73.17     
------
Dockerfile:3
--------------------
   2 |     COPY env.yaml /tmp/env.yaml
   3 | >>> RUN micromamba install -y -n base -f /tmp/env.yaml && \
   4 | >>>     micromamba clean --all --yes
   5 |     ARG MAMBA_DOCKERFILE_ACTIVATE=1  # (otherwise python will not be found)
--------------------
ERROR: failed to solve: process "/usr/local/bin/_dockerfile_shell.sh micromamba install -y -n base -f /tmp/env.yaml &&     micromamba clean --all --yes" did not complete successfully: exit code: 1
